#
# There is insufficient memory for the Java Runtime Environment to continue.
# Native memory allocation (mmap) failed to map 528482304 bytes for Failed to commit area from 0x0000000609800000 to 0x0000000629000000 of length 528482304.
# Possible reasons:
#   The system is out of physical RAM or swap space
#   The process is running with CompressedOops enabled, and the Java Heap may be blocking the growth of the native heap
# Possible solutions:
#   Reduce memory load on the system
#   Increase physical memory or swap space
#   Check if swap backing store is full
#   Decrease Java heap size (-Xmx/-Xms)
#   Decrease number of Java threads
#   Decrease Java thread stack sizes (-Xss)
#   Set larger code cache with -XX:ReservedCodeCacheSize=
# This output file may be truncated or incomplete.
#
#  Out of Memory Error (./src/hotspot/os/windows/os_windows.cpp:3387), pid=3824, tid=49120
#
# JRE version:  (11.0.14.1+1) (build )
# Java VM: OpenJDK 64-Bit Server VM (11.0.14.1+1, mixed mode, sharing, tiered, compressed oops, g1 gc, windows-amd64)
# No core dump will be written. Minidumps are not enabled by default on client versions of Windows
#

---------------  S U M M A R Y ------------

Command Line: -Dfile.encoding=UTF-8 

Host: AMD Ryzen 9 5900HS with Radeon Graphics        , 16 cores, 31G,  Windows 10 , 64 bit Build 19041 (10.0.19041.4842)
Time: Tue Sep 17 20:59:00 2024 “Œ‹ž (•W€Žž) elapsed time: 0.011963 seconds (0d 0h 0m 0s)

---------------  T H R E A D  ---------------

Current thread (0x0000017a7c3d0000):  JavaThread "Unknown thread" [_thread_in_vm, id=49120, stack(0x00000078cb400000,0x00000078cb500000)]

Stack: [0x00000078cb400000,0x00000078cb500000]
Native frames: (J=compiled Java code, j=interpreted, Vv=VM code, C=native code)
V  [jvm.dll+0x61e59a]
V  [jvm.dll+0x7aaca9]
V  [jvm.dll+0x7ac398]
V  [jvm.dll+0x7aca73]
V  [jvm.dll+0x24f9b8]
V  [jvm.dll+0x61b83a]
V  [jvm.dll+0x6100c5]
V  [jvm.dll+0x30772c]
V  [jvm.dll+0x3075b2]
V  [jvm.dll+0x30c2d6]
V  [jvm.dll+0x35272f]
V  [jvm.dll+0x352160]
V  [jvm.dll+0x2e4728]
V  [jvm.dll+0x2e5886]
V  [jvm.dll+0x784b07]
V  [jvm.dll+0x78628f]
V  [jvm.dll+0x35f479]
V  [jvm.dll+0x767aa0]
V  [jvm.dll+0x3ccf1f]
V  [jvm.dll+0x3cf2b1]
C  [jli.dll+0x5207]
C  [ucrtbase.dll+0x21bb2]
C  [KERNEL32.DLL+0x17374]
C  [ntdll.dll+0x4cc91]


---------------  P R O C E S S  ---------------

Threads class SMR info:
_java_thread_list=0x0000017a7c2b7ee0, length=0, elements={
}

Java Threads: ( => current thread )

Other Threads:
  0x0000017a7c3e3800 GCTaskThread "GC Thread#0" [stack: 0x00000078cb500000,0x00000078cb600000] [id=48772]
  0x0000017a7c463000 ConcurrentGCThread "G1 Main Marker" [stack: 0x00000078cb600000,0x00000078cb700000] [id=7580]
  0x0000017a7c465800 ConcurrentGCThread "G1 Conc#0" [stack: 0x00000078cb700000,0x00000078cb800000] [id=37248]

[error occurred during error reporting (printing all threads), id 0xc0000005, EXCEPTION_ACCESS_VIOLATION (0xc0000005) at pc=0x00007ffe2f313ef7]

VM state:not at safepoint (not fully initialized)

VM Mutex/Monitor currently owned by a thread:  ([mutex/lock_event])
[0x0000017a7c3cb3f0] Heap_lock - owner thread: 0x0000017a7c3d0000

Heap address: 0x0000000609800000, size: 8040 MB, Compressed Oops mode: Non-zero based: 0x0000000609800000
Narrow klass base: 0x0000000000000000, Narrow klass shift: 0

GC Heap History (0 events):
No events

Deoptimization events (0 events):
No events

Classes redefined (0 events):
No events

Internal exceptions (0 events):
No events

Events (1 events):
Event: 0.006 Loaded shared library C:\Users\Zuaki\Unity\2022.3.10f1\Editor\Data\PlaybackEngines\AndroidPlayer\OpenJDK\bin\zip.dll


Dynamic libraries:
0x00007ff6e3c80000 - 0x00007ff6e3c8d000 	C:\Users\Zuaki\Unity\2022.3.10f1\Editor\Data\PlaybackEngines\AndroidPlayer\OpenJDK\bin\java.exe
0x00007fff9bc30000 - 0x00007fff9be28000 	C:\WINDOWS\SYSTEM32\ntdll.dll
0x00007fff9b490000 - 0x00007fff9b551000 	C:\WINDOWS\System32\KERNEL32.DLL
0x00007fff996e0000 - 0x00007fff999dd000 	C:\WINDOWS\System32\KERNELBASE.dll
0x00007fff99430000 - 0x00007fff99530000 	C:\WINDOWS\System32\ucrtbase.dll
0x00007fff61d90000 - 0x00007fff61da7000 	C:\Users\Zuaki\Unity\2022.3.10f1\Editor\Data\PlaybackEngines\AndroidPlayer\OpenJDK\bin\jli.dll
0x00007fff619e0000 - 0x00007fff619f5000 	C:\Users\Zuaki\Unity\2022.3.10f1\Editor\Data\PlaybackEngines\AndroidPlayer\OpenJDK\bin\VCRUNTIME140.dll
0x00007fff9b5f0000 - 0x00007fff9b78d000 	C:\WINDOWS\System32\USER32.dll
0x00007fff99400000 - 0x00007fff99422000 	C:\WINDOWS\System32\win32u.dll
0x00007fff9b950000 - 0x00007fff9b97b000 	C:\WINDOWS\System32\GDI32.dll
0x00007fff992e0000 - 0x00007fff993f7000 	C:\WINDOWS\System32\gdi32full.dll
0x00007fff82800000 - 0x00007fff82a9a000 	C:\WINDOWS\WinSxS\amd64_microsoft.windows.common-controls_6595b64144ccf1df_6.0.19041.4355_none_60b8b9eb71f62e16\COMCTL32.dll
0x00007fff999e0000 - 0x00007fff99a7d000 	C:\WINDOWS\System32\msvcp_win.dll
0x00007fff9afe0000 - 0x00007fff9b07e000 	C:\WINDOWS\System32\msvcrt.dll
0x00007fff9b5c0000 - 0x00007fff9b5ef000 	C:\WINDOWS\System32\IMM32.DLL
0x00007fff3ce40000 - 0x00007fff3cedb000 	C:\Users\Zuaki\Unity\2022.3.10f1\Editor\Data\PlaybackEngines\AndroidPlayer\OpenJDK\bin\msvcp140.dll
0x00007ffe2f020000 - 0x00007ffe2fba1000 	C:\Users\Zuaki\Unity\2022.3.10f1\Editor\Data\PlaybackEngines\AndroidPlayer\OpenJDK\bin\server\jvm.dll
0x00007fff9bab0000 - 0x00007fff9bb60000 	C:\WINDOWS\System32\ADVAPI32.dll
0x00007fff9a930000 - 0x00007fff9a9d0000 	C:\WINDOWS\System32\sechost.dll
0x00007fff9b0e0000 - 0x00007fff9b203000 	C:\WINDOWS\System32\RPCRT4.dll
0x00007fff99c30000 - 0x00007fff99c57000 	C:\WINDOWS\System32\bcrypt.dll
0x00007fff9b790000 - 0x00007fff9b798000 	C:\WINDOWS\System32\PSAPI.DLL
0x00007fff90a70000 - 0x00007fff90a79000 	C:\WINDOWS\SYSTEM32\WSOCK32.dll
0x00007fff9b420000 - 0x00007fff9b48b000 	C:\WINDOWS\System32\WS2_32.dll
0x00007fff96ef0000 - 0x00007fff96f17000 	C:\WINDOWS\SYSTEM32\WINMM.dll
0x00007fff94340000 - 0x00007fff9434a000 	C:\WINDOWS\SYSTEM32\VERSION.dll
0x00007fff97ac0000 - 0x00007fff97ad2000 	C:\WINDOWS\SYSTEM32\kernel.appcore.dll
0x00007fff8f730000 - 0x00007fff8f740000 	C:\Users\Zuaki\Unity\2022.3.10f1\Editor\Data\PlaybackEngines\AndroidPlayer\OpenJDK\bin\verify.dll
0x00007fff96d00000 - 0x00007fff96ee4000 	C:\WINDOWS\SYSTEM32\DBGHELP.DLL
0x00007fff96cc0000 - 0x00007fff96cf4000 	C:\WINDOWS\SYSTEM32\dbgcore.DLL
0x00007fff99ba0000 - 0x00007fff99c22000 	C:\WINDOWS\System32\bcryptPrimitives.dll
0x00007fff619b0000 - 0x00007fff619d8000 	C:\Users\Zuaki\Unity\2022.3.10f1\Editor\Data\PlaybackEngines\AndroidPlayer\OpenJDK\bin\java.dll
0x00007fff75dc0000 - 0x00007fff75dca000 	C:\Users\Zuaki\Unity\2022.3.10f1\Editor\Data\PlaybackEngines\AndroidPlayer\OpenJDK\bin\jimage.dll
0x00007fff61990000 - 0x00007fff619a8000 	C:\Users\Zuaki\Unity\2022.3.10f1\Editor\Data\PlaybackEngines\AndroidPlayer\OpenJDK\bin\zip.dll

dbghelp: loaded successfully - version: 4.0.5 - missing functions: none
symbol engine: initialized successfully - sym options: 0x614 - pdb path: .;C:\Users\Zuaki\Unity\2022.3.10f1\Editor\Data\PlaybackEngines\AndroidPlayer\OpenJDK\bin;C:\WINDOWS\SYSTEM32;C:\WINDOWS\WinSxS\amd64_microsoft.windows.common-controls_6595b64144ccf1df_6.0.19041.4355_none_60b8b9eb71f62e16;C:\Users\Zuaki\Unity\2022.3.10f1\Editor\Data\PlaybackEngines\AndroidPlayer\OpenJDK\bin\server

VM Arguments:
jvm_args: -Dfile.encoding=UTF-8 
java_command: <unknown>
java_class_path (initial): <not set>
Launcher Type: SUN_STANDARD

[Global flags]
     intx CICompilerCount                          = 12                                        {product} {ergonomic}
     uint ConcGCThreads                            = 3                                         {product} {ergonomic}
     uint G1ConcRefinementThreads                  = 13                                        {product} {ergonomic}
   size_t G1HeapRegionSize                         = 2097152                                   {product} {ergonomic}
    uintx GCDrainStackTargetSize                   = 64                                        {product} {ergonomic}
   size_t InitialHeapSize                          = 528482304                                 {product} {ergonomic}
   size_t MarkStackSize                            = 4194304                                   {product} {ergonomic}
   size_t MaxHeapSize                              = 8430551040                                {product} {ergonomic}
   size_t MinHeapDeltaBytes                        = 2097152                                   {product} {ergonomic}
    uintx NonNMethodCodeHeapSize                   = 7594288                                {pd product} {ergonomic}
    uintx NonProfiledCodeHeapSize                  = 122031976                              {pd product} {ergonomic}
    uintx ProfiledCodeHeapSize                     = 122031976                              {pd product} {ergonomic}
    uintx ReservedCodeCacheSize                    = 251658240                              {pd product} {ergonomic}
     bool SegmentedCodeCache                       = true                                      {product} {ergonomic}
     bool UseCompressedClassPointers               = true                                 {lp64_product} {ergonomic}
     bool UseCompressedOops                        = true                                 {lp64_product} {ergonomic}
     bool UseG1GC                                  = true                                      {product} {ergonomic}
     bool UseLargePagesIndividualAllocation        = false                                  {pd product} {ergonomic}

Logging:
Log output configuration:
 #0: stdout all=warning uptime,level,tags
 #1: stderr all=off uptime,level,tags

Environment Variables:
JAVA_HOME=C:\Users\Zuaki\Unity\2022.3.10f1\Editor\Data\PlaybackEngines\AndroidPlayer\OpenJDK
JAVA_TOOL_OPTIONS=-Dfile.encoding=UTF-8
PATH=C:\Program Files\Oculus\Support\oculus-runtime;C:\Program Files (x86)\Common Files\Intel\Shared Libraries\redist\intel64\compiler;C:\Program Files\NVIDIA GPU Computing Toolkit\CUDA\v12.2\bin;C:\Program Files\NVIDIA GPU Computing Toolkit\CUDA\v12.2\libnvvp;C:\Program Files\Common Files\Oracle\Java\javapath;C:\Program Files (x86)\Common Files\Oracle\Java\javapath;C:\Program Files\NVIDIA GPU Computing Toolkit\CUDA\v11.8\bin;C:\Program Files\NVIDIA GPU Computing Toolkit\CUDA\v11.8\libnvvp;C:\Program Files\Microsoft MPI\Bin\;C:\Program Files\Microsoft\jdk-11.0.15.10-hotspot\bin;C:\Windows\system32;C:\Windows;C:\Windows\System32\Wbem;C:\Windows\System32\WindowsPowerShell\v1.0\;C:\Windows\System32\OpenSSH\;C:\Program Files (x86)\NVIDIA Corporation\PhysX\Common;C:\Program Files\NVIDIA Corporation\NVIDIA NvDLISR;C:\WINDOWS\system32;C:\WINDOWS;C:\WINDOWS\System32\Wbem;C:\WINDOWS\System32\WindowsPowerShell\v1.0\;C:\WINDOWS\System32\OpenSSH\;C:\Program Files\dotnet\;C:\Program Files (x86)\QuickTime\QTSystem\;C:\ProgramData\chocolatey\bin;C:\Program Files\Go\bin;C:\PROGRA~1\JPKI;C:\TDM-GCC-64\bin;C:\Program Files (x86)\Microsoft Visual Studio\2022\BuildTools\VC\Tools\MSVC\14.34.31933\bin\Hostx64\x64\;C:\Program Files\Microsoft MPI\Benchmarks\;C:\Program Files (x86)\Microsoft SDKs\MPI\Include\;C:\Program Files (x86)\Microsoft SDKs\MPI\Lib\x86\;C:\Program Files (x86)\Microsoft SDKs\MPI\Lib\x64\;C:\Program Files\OpenSSL-Win64\bin;C:\Program Files\CMake\bin;C:\Program Files\NVIDIA Corporation\Nsight Compute 2023.2.2\;C:\Program Files\NVIDIA GPU Computing Toolkit\CUDA\cuDNN\bin;C:\Program Files (x86)\GtkSharp\2.12\bin;C:\Program Files\WinMerge;C:\Program Files (x86)\Windows Kits\10\Windows Performance Toolkit\;C:\Program Files\Calibre2\;C:\Program Files\Pandoc\;C:\Program Files\Git\cmd;C:\WINDOWS\Microsoft.NET\Framework64\v4.0.30319;C:\Program Files\PowerShell\7\;C:\Program Files\nodejs\;C:\Users\Zuaki\AppData\Local\Programs\Python\Python311\Scripts\;C:\Users\Zuaki\AppData\Local\Pr
USERNAME=Zuaki
OS=Windows_NT
PROCESSOR_IDENTIFIER=AMD64 Family 25 Model 80 Stepping 0, AuthenticAMD



---------------  S Y S T E M  ---------------

OS: Windows 10 , 64 bit Build 19041 (10.0.19041.4842)
OS uptime: 0 days 8:10 hours
Hyper-V role detected

CPU:total 16 (initial active 16) (16 cores per cpu, 2 threads per core) family 25 model 80 stepping 0 microcode 0x0, cmov, cx8, fxsr, mmx, sse, sse2, sse3, ssse3, sse4.1, sse4.2, popcnt, avx, avx2, aes, clmul, erms, mmxext, 3dnowpref, lzcnt, sse4a, ht, tsc, tscinvbit, tscinv, bmi1, bmi2, adx, sha, fma

Memory: 4k page, system-wide physical 32159M (7209M free)
TotalPageFile size 37159M (AvailPageFile size 443M)
current process WorkingSet (physical memory assigned to process): 10M, peak: 10M
current process commit charge ("private bytes"): 71M, peak: 575M

vm_info: OpenJDK 64-Bit Server VM (11.0.14.1+1) for windows-amd64 JRE (11.0.14.1+1), built on Feb  9 2022 01:48:27 by "" with unknown MS VC++:1916

END.
